2026-04-08 18:14:05 - Login request received
2026-04-08 18:14:05 - Raw input: {"username":"admin","password":"admin123"}
2026-04-08 18:14:05 - Decoded data: Array
(
    [username] => admin
    [password] => admin123
)

2026-04-08 18:14:05 - Attempting login for username: admin
2026-04-08 18:14:05 - Database connected
2026-04-08 18:14:05 - User found: Yes
2026-04-08 18:14:05 - User data: Array
(
    [id] => 1
    [username] => admin
)

2026-04-08 18:14:05 - Password verification: FAILED
2026-04-08 18:14:12 - Login request received
2026-04-08 18:14:12 - Raw input: {"username":"admin","password":"admin123"}
2026-04-08 18:14:12 - Decoded data: Array
(
    [username] => admin
    [password] => admin123
)

2026-04-08 18:14:12 - Attempting login for username: admin
2026-04-08 18:14:12 - Database connected
2026-04-08 18:14:12 - User found: Yes
2026-04-08 18:14:12 - User data: Array
(
    [id] => 1
    [username] => admin
)

2026-04-08 18:14:12 - Password verification: FAILED
2026-04-08 18:16:38 - Login request received
2026-04-08 18:16:38 - Raw input: {"username":"gilangramadhan9797@gmail.com","password":"Gilang123"}
2026-04-08 18:16:38 - Decoded data: Array
(
    [username] => gilangramadhan9797@gmail.com
    [password] => Gilang123
)

2026-04-08 18:16:38 - Attempting login for username: gilangramadhan9797@gmail.com
2026-04-08 18:16:38 - Database connected
2026-04-08 18:16:38 - User found: Yes
2026-04-08 18:16:38 - User data: Array
(
    [id] => 3
    [username] => gilang12
)

2026-04-08 18:16:38 - Password verification: SUCCESS
2026-04-08 18:16:38 - Session set for user: gilang12
2026-04-09 08:55:39 - Login request received
2026-04-09 08:55:39 - Raw input: {"username":"gilangramadhan9797@gmail.com","password":"Gilang123"}
2026-04-09 08:55:39 - Decoded data: Array
(
    [username] => gilangramadhan9797@gmail.com
    [password] => Gilang123
)

2026-04-09 08:55:39 - Attempting login for username: gilangramadhan9797@gmail.com
2026-04-09 08:55:39 - Database connected
2026-04-09 08:55:39 - User found: Yes
2026-04-09 08:55:39 - User data: Array
(
    [id] => 3
    [username] => gilang12
)

2026-04-09 08:55:39 - Password verification: SUCCESS
2026-04-09 08:55:39 - Session set for user: gilang12
2026-04-09 08:56:52 - Login request received
2026-04-09 08:56:52 - Raw input: {"username":"gilangramadhan9797@gmail.com","password":"Giolang123"}
2026-04-09 08:56:52 - Decoded data: Array
(
    [username] => gilangramadhan9797@gmail.com
    [password] => Giolang123
)

2026-04-09 08:56:52 - Attempting login for username: gilangramadhan9797@gmail.com
2026-04-09 08:56:52 - Database connected
2026-04-09 08:56:52 - User found: Yes
2026-04-09 08:56:52 - User data: Array
(
    [id] => 3
    [username] => gilang12
)

2026-04-09 08:56:52 - Password verification: FAILED
2026-04-09 08:56:59 - Login request received
2026-04-09 08:56:59 - Raw input: {"username":"gilangramadhan9797@gmail.com","password":"Gilang123"}
2026-04-09 08:56:59 - Decoded data: Array
(
    [username] => gilangramadhan9797@gmail.com
    [password] => Gilang123
)

2026-04-09 08:56:59 - Attempting login for username: gilangramadhan9797@gmail.com
2026-04-09 08:56:59 - Database connected
2026-04-09 08:56:59 - User found: Yes
2026-04-09 08:56:59 - User data: Array
(
    [id] => 3
    [username] => gilang12
)

2026-04-09 08:56:59 - Password verification: SUCCESS
2026-04-09 08:56:59 - Session set for user: gilang12
2026-04-18 07:31:54 - Login request received
2026-04-18 07:31:54 - Raw input: {"username":"admin","password":"admin123"}
2026-04-18 07:31:54 - Decoded data: Array
(
    [username] => admin
    [password] => admin123
)

2026-04-18 07:31:54 - Attempting login for username: admin
2026-04-18 07:31:58 - Database connection failed
2026-04-18 07:32:19 - Login request received
2026-04-18 07:32:19 - Raw input: {"username":"gilang12","password":"Gilang123"}
2026-04-18 07:32:19 - Decoded data: Array
(
    [username] => gilang12
    [password] => Gilang123
)

2026-04-18 07:32:19 - Attempting login for username: gilang12
2026-04-18 07:32:23 - Database connection failed
2026-04-18 07:32:30 - Login request received
2026-04-18 07:32:30 - Raw input: {"username":"gilang12","password":"Gilang123"}
2026-04-18 07:32:30 - Decoded data: Array
(
    [username] => gilang12
    [password] => Gilang123
)

2026-04-18 07:32:30 - Attempting login for username: gilang12
2026-04-18 07:32:34 - Database connection failed
2026-04-18 07:33:06 - Login request received
2026-04-18 07:33:06 - Raw input: {"username":"gilang123","password":"Gilang123"}
2026-04-18 07:33:06 - Decoded data: Array
(
    [username] => gilang123
    [password] => Gilang123
)

2026-04-18 07:33:06 - Attempting login for username: gilang123
2026-04-18 07:33:10 - Database connection failed
2026-04-18 07:33:46 - Login request received
2026-04-18 07:33:46 - Raw input: {"username":"gilang123","password":"Gilang123"}
2026-04-18 07:33:46 - Decoded data: Array
(
    [username] => gilang123
    [password] => Gilang123
)

2026-04-18 07:33:46 - Attempting login for username: gilang123
2026-04-18 07:33:46 - Database connected
2026-04-18 07:33:46 - User found: Yes
2026-04-18 07:33:46 - User data: Array
(
    [id] => 4
    [username] => gilang123
)

2026-04-18 07:33:46 - Password verification: SUCCESS
2026-04-18 07:33:46 - Session set for user: gilang123
